<?xml version="1.0" encoding="UTF-8" ?>
<testsuite errors="0" failures="1" hostname="scofield.local" name="com.lucastex.featurable.FeaturedTests" tests="4" time="0.877" timestamp="2009-09-30T23:59:22">
  <properties />
  <testcase classname="com.lucastex.featurable.FeaturedTests" name="testFeature" time="0.736" />
  <testcase classname="com.lucastex.featurable.FeaturedTests" name="testUnfeature" time="0.071" />
  <testcase classname="com.lucastex.featurable.FeaturedTests" name="testFeaturedProperty" time="0.0080" />
  <testcase classname="com.lucastex.featurable.FeaturedTests" name="testListFeatured" time="0.047">
    <failure message="3 featured items expected:&lt;1&gt; but was:&lt;3&gt;" type="junit.framework.AssertionFailedError">junit.framework.AssertionFailedError: 3 featured items expected:&lt;1&gt; but was:&lt;3&gt;
	at junit.framework.Assert$assertEquals.callCurrent(Unknown Source)
	at com.lucastex.featurable.FeaturedTests.testListFeatured(FeaturedTests.groovy:81)
	at _GrailsTest_groovy$_run_closure4.doCall(_GrailsTest_groovy:203)
	at _GrailsTest_groovy$_run_closure4.call(_GrailsTest_groovy)
	at _GrailsTest_groovy$_run_closure2.doCall(_GrailsTest_groovy:147)
	at _GrailsTest_groovy$_run_closure1_closure19.doCall(_GrailsTest_groovy:113)
	at _GrailsTest_groovy$_run_closure1.doCall(_GrailsTest_groovy:96)
	at TestApp$_run_closure1.doCall(TestApp.groovy:66)
	at gant.Gant$_dispatch_closure4.doCall(Gant.groovy:324)
	at gant.Gant$_dispatch_closure6.doCall(Gant.groovy:334)
	at gant.Gant$_dispatch_closure6.doCall(Gant.groovy)
	at gant.Gant.withBuildListeners(Gant.groovy:344)
	at gant.Gant.this$2$withBuildListeners(Gant.groovy)
	at gant.Gant$this$2$withBuildListeners.callCurrent(Unknown Source)
	at gant.Gant.dispatch(Gant.groovy:334)
	at gant.Gant.this$2$dispatch(Gant.groovy)
	at gant.Gant.invokeMethod(Gant.groovy)
	at gant.Gant.processTargets(Gant.groovy:495)
	at gant.Gant.processTargets(Gant.groovy:480)
</failure>
  </testcase>
  <system-out><![CDATA[--Output from testFeature--
--Output from testUnfeature--
--Output from testFeaturedProperty--
--Output from testListFeatured--
]]></system-out>
  <system-err><![CDATA[--Output from testFeature--
--Output from testUnfeature--
--Output from testFeaturedProperty--
--Output from testListFeatured--
]]></system-err>
</testsuite>
